<?xml version="1.0" encoding="UTF-8"?>
<!-- Generated by org.testng.reporters.JUnitReportReporter -->
<testsuite hostname="LAP-TZ-0X82240" failures="0" tests="2" name="apiTest.APIReqresTest" time="3.808" errors="0" timestamp="2025-01-20T21:21:10 IST" skipped="0">
  <testcase classname="apiTest.APIReqresTest" name="TestCreateUser" time="0.713"/>
  <system-out/>
  <testcase classname="apiTest.APIReqresTest" name="TestCreateUser" time="3.095"/>
  <system-out/>
</testsuite> <!-- apiTest.APIReqresTest -->
