<?xml version="1.0" encoding="UTF-8"?>
<!-- Generated by org.testng.reporters.JUnitReportReporter -->
<testsuite hostname="LAP-TZ-0X82240" failures="0" tests="2" name="testPackage.APITest" time="3.645" errors="0" timestamp="2025-01-23T10:48:03 IST" skipped="0">
  <testcase classname="testPackage.APITest" name="TestCreateUser" time="0.438"/>
  <system-out/>
  <testcase classname="testPackage.APITest" name="TestCreateUser" time="3.207"/>
  <system-out/>
</testsuite> <!-- testPackage.APITest -->
